/home/francisco/crazyflie_mapping_demo/ros2_ws/install/ros_gz_crazyflie_control/lib/python3.10/site-packages/ros_gz_crazyflie_control/my_control_services_mk3.py
/home/francisco/crazyflie_mapping_demo/ros2_ws/install/ros_gz_crazyflie_control/lib/python3.10/site-packages/ros_gz_crazyflie_control/__init__.py
/home/francisco/crazyflie_mapping_demo/ros2_ws/install/ros_gz_crazyflie_control/lib/python3.10/site-packages/ros_gz_crazyflie_control/my_control_services_mk4.py
/home/francisco/crazyflie_mapping_demo/ros2_ws/install/ros_gz_crazyflie_control/lib/python3.10/site-packages/ros_gz_crazyflie_control/my_control_services.py
/home/francisco/crazyflie_mapping_demo/ros2_ws/install/ros_gz_crazyflie_control/lib/python3.10/site-packages/ros_gz_crazyflie_control/control_services.py
/home/francisco/crazyflie_mapping_demo/ros2_ws/install/ros_gz_crazyflie_control/lib/python3.10/site-packages/ros_gz_crazyflie_control/my_control_services_mk2.py
/home/francisco/crazyflie_mapping_demo/ros2_ws/install/ros_gz_crazyflie_control/lib/python3.10/site-packages/ros_gz_crazyflie_control/my_control_services_mk5.py
/home/francisco/crazyflie_mapping_demo/ros2_ws/install/ros_gz_crazyflie_control/lib/python3.10/site-packages/ros_gz_crazyflie_control/__pycache__/my_control_services_mk3.cpython-310.pyc
/home/francisco/crazyflie_mapping_demo/ros2_ws/install/ros_gz_crazyflie_control/lib/python3.10/site-packages/ros_gz_crazyflie_control/__pycache__/__init__.cpython-310.pyc
/home/francisco/crazyflie_mapping_demo/ros2_ws/install/ros_gz_crazyflie_control/lib/python3.10/site-packages/ros_gz_crazyflie_control/__pycache__/my_control_services_mk4.cpython-310.pyc
/home/francisco/crazyflie_mapping_demo/ros2_ws/install/ros_gz_crazyflie_control/lib/python3.10/site-packages/ros_gz_crazyflie_control/__pycache__/my_control_services.cpython-310.pyc
/home/francisco/crazyflie_mapping_demo/ros2_ws/install/ros_gz_crazyflie_control/lib/python3.10/site-packages/ros_gz_crazyflie_control/__pycache__/control_services.cpython-310.pyc
/home/francisco/crazyflie_mapping_demo/ros2_ws/install/ros_gz_crazyflie_control/lib/python3.10/site-packages/ros_gz_crazyflie_control/__pycache__/my_control_services_mk2.cpython-310.pyc
/home/francisco/crazyflie_mapping_demo/ros2_ws/install/ros_gz_crazyflie_control/lib/python3.10/site-packages/ros_gz_crazyflie_control/__pycache__/my_control_services_mk5.cpython-310.pyc
/home/francisco/crazyflie_mapping_demo/ros2_ws/install/ros_gz_crazyflie_control/share/ament_index/resource_index/packages/ros_gz_crazyflie_control
/home/francisco/crazyflie_mapping_demo/ros2_ws/install/ros_gz_crazyflie_control/share/ros_gz_crazyflie_control/package.xml
/home/francisco/crazyflie_mapping_demo/ros2_ws/install/ros_gz_crazyflie_control/lib/python3.10/site-packages/ros_gz_crazyflie_control-0.0.0-py3.10.egg-info/top_level.txt
/home/francisco/crazyflie_mapping_demo/ros2_ws/install/ros_gz_crazyflie_control/lib/python3.10/site-packages/ros_gz_crazyflie_control-0.0.0-py3.10.egg-info/zip-safe
/home/francisco/crazyflie_mapping_demo/ros2_ws/install/ros_gz_crazyflie_control/lib/python3.10/site-packages/ros_gz_crazyflie_control-0.0.0-py3.10.egg-info/SOURCES.txt
/home/francisco/crazyflie_mapping_demo/ros2_ws/install/ros_gz_crazyflie_control/lib/python3.10/site-packages/ros_gz_crazyflie_control-0.0.0-py3.10.egg-info/entry_points.txt
/home/francisco/crazyflie_mapping_demo/ros2_ws/install/ros_gz_crazyflie_control/lib/python3.10/site-packages/ros_gz_crazyflie_control-0.0.0-py3.10.egg-info/PKG-INFO
/home/francisco/crazyflie_mapping_demo/ros2_ws/install/ros_gz_crazyflie_control/lib/python3.10/site-packages/ros_gz_crazyflie_control-0.0.0-py3.10.egg-info/dependency_links.txt
/home/francisco/crazyflie_mapping_demo/ros2_ws/install/ros_gz_crazyflie_control/lib/python3.10/site-packages/ros_gz_crazyflie_control-0.0.0-py3.10.egg-info/requires.txt
/home/francisco/crazyflie_mapping_demo/ros2_ws/install/ros_gz_crazyflie_control/lib/ros_gz_crazyflie_control/control_services
/home/francisco/crazyflie_mapping_demo/ros2_ws/install/ros_gz_crazyflie_control/lib/ros_gz_crazyflie_control/my_control_services
/home/francisco/crazyflie_mapping_demo/ros2_ws/install/ros_gz_crazyflie_control/lib/ros_gz_crazyflie_control/my_control_services_mk2
/home/francisco/crazyflie_mapping_demo/ros2_ws/install/ros_gz_crazyflie_control/lib/ros_gz_crazyflie_control/my_control_services_mk3
/home/francisco/crazyflie_mapping_demo/ros2_ws/install/ros_gz_crazyflie_control/lib/ros_gz_crazyflie_control/my_control_services_mk4
/home/francisco/crazyflie_mapping_demo/ros2_ws/install/ros_gz_crazyflie_control/lib/ros_gz_crazyflie_control/my_control_services_mk5
